<?xml version="1.0" encoding="UTF-8"?>
<!-- Generated by org.testng.reporters.JUnitXMLReporter -->
<testsuite hostname="INCHELAP7PWG4D3" ignored="0" name="MRE App Test Cases - firefox" tests="2" failures="1" timestamp="05 Sep 2021 09:40:40 GMT" time="0.213" errors="0">
  <testcase name="@BeforeMethod setUp" time="0.0" classname="com.mre.qa.base.TestBase">
    <failure type="org.testng.TestNGException" message="
Parameter &amp;apos;platform&amp;apos; is required by BeforeMethod on method setUp but has not been marked @Optional or defined
in C:\Users\7504996\OneDrive - TeleTech Holdings, Inc\Projects\Automation\MREAutomationPramod\testng.xml">
      <![CDATA[org.testng.TestNGException: 
Parameter 'platform' is required by BeforeMethod on method setUp but has not been marked @Optional or defined
in C:\Users\7504996\OneDrive - TeleTech Holdings, Inc\Projects\Automation\MREAutomationPramod\testng.xml
at java.util.concurrent.FutureTask.run(FutureTask.java:266)
at java.util.concurrent.ThreadPoolExecutor.runWorker(ThreadPoolExecutor.java:1149)
at java.util.concurrent.ThreadPoolExecutor$Worker.run(ThreadPoolExecutor.java:624)
at java.lang.Thread.run(Thread.java:748)
... Removed 16 stack frames]]>
    </failure>
  </testcase> <!-- @BeforeMethod setUp -->
  <testcase name="validateGetCovered" time="0.0" classname="com.mre.qa.testcases.SFMiniCalcPageTest">
    <skipped/>
  </testcase> <!-- validateGetCovered -->
  <testcase name="validateGetCovered" time="0.021" classname="com.mre.qa.testcases.SFMiniCalcPageTest">
    <failure type="java.lang.NullPointerException">
      <![CDATA[java.lang.NullPointerException
at com.mre.qa.utils.TestUtils.takeScreenshotAtEndOfTest(TestUtils.java:22)
at com.mre.qa.utils.ExtentReportListener.onTestSkipped(ExtentReportListener.java:88)
at java.util.concurrent.FutureTask.run(FutureTask.java:266)
at java.util.concurrent.ThreadPoolExecutor.runWorker(ThreadPoolExecutor.java:1149)
at java.util.concurrent.ThreadPoolExecutor$Worker.run(ThreadPoolExecutor.java:624)
at java.lang.Thread.run(Thread.java:748)
... Removed 14 stack frames]]>
    </failure>
  </testcase> <!-- validateGetCovered -->
</testsuite> <!-- MRE App Test Cases - firefox -->
