<?xml version="1.0" encoding="UTF-8"?>
<!-- Generated by org.testng.reporters.JUnitXMLReporter -->
<testsuite hostname="INCHELAP7PWG4D3" ignored="0" name="MRE App Test Cases - ff" tests="2" failures="2" timestamp="02 Sep 2021 10:01:20 GMT" time="147.119" errors="0">
  <testcase name="validateGetCovered" time="44.404" classname="com.mre.qa.testcases.SFMiniCalcPageTest">
    <failure type="org.openqa.selenium.WebDriverException" message="Returned value cannot be converted to WebElement: {error=no such element, message=Unable to locate element: //div [@class = &amp;apos;header__premium-calculator&amp;apos;]//a[text() = &amp;apos;Get covered&amp;apos;], stacktrace=WebDriverError@chrome://remote/content/shared/webdriver/Errors.jsm:181:5
NoSuchElementError@chrome://remote/content/shared/webdriver/Errors.jsm:393:5
element.find/&amp;lt;/&amp;lt;@chrome://remote/content/marionette/element.js:305:16
}
Build info: version: &amp;apos;3.141.59&amp;apos;, revision: &amp;apos;e82be7d358&amp;apos;, time: &amp;apos;2018-11-14T08:17:03&amp;apos;
System info: host: &amp;apos;INCHELAP7PWG4D3&amp;apos;, ip: &amp;apos;192.168.1.4&amp;apos;, os.name: &amp;apos;Windows 10&amp;apos;, os.arch: &amp;apos;amd64&amp;apos;, os.version: &amp;apos;10.0&amp;apos;, java.version: &amp;apos;1.8.0_281&amp;apos;
Driver info: driver.version: EventFiringWebDriver">
      <![CDATA[org.openqa.selenium.WebDriverException: Returned value cannot be converted to WebElement: {error=no such element, message=Unable to locate element: //div [@class = 'header__premium-calculator']//a[text() = 'Get covered'], stacktrace=WebDriverError@chrome://remote/content/shared/webdriver/Errors.jsm:181:5
NoSuchElementError@chrome://remote/content/shared/webdriver/Errors.jsm:393:5
element.find/</<@chrome://remote/content/marionette/element.js:305:16
}
Build info: version: '3.141.59', revision: 'e82be7d358', time: '2018-11-14T08:17:03'
System info: host: 'INCHELAP7PWG4D3', ip: '192.168.1.4', os.name: 'Windows 10', os.arch: 'amd64', os.version: '10.0', java.version: '1.8.0_281'
Driver info: driver.version: EventFiringWebDriver
at org.openqa.selenium.remote.RemoteWebDriver.findElement(RemoteWebDriver.java:333)
at org.openqa.selenium.remote.RemoteWebDriver.findElementByXPath(RemoteWebDriver.java:428)
at org.openqa.selenium.By$ByXPath.findElement(By.java:353)
at org.openqa.selenium.remote.RemoteWebDriver.findElement(RemoteWebDriver.java:315)
at org.openqa.selenium.support.events.EventFiringWebDriver.lambda$new$1(EventFiringWebDriver.java:105)
at com.sun.proxy.$Proxy8.findElement(Unknown Source)
at org.openqa.selenium.support.events.EventFiringWebDriver.findElement(EventFiringWebDriver.java:194)
at org.openqa.selenium.support.pagefactory.DefaultElementLocator.findElement(DefaultElementLocator.java:69)
at org.openqa.selenium.support.pagefactory.internal.LocatingElementHandler.invoke(LocatingElementHandler.java:38)
at com.sun.proxy.$Proxy12.click(Unknown Source)
at com.mre.qa.pages.SFMiniCalcPage.clickGetCovered(SFMiniCalcPage.java:30)
at com.mre.qa.testcases.SFMiniCalcPageTest.validateGetCovered(SFMiniCalcPageTest.java:47)
at java.util.concurrent.FutureTask.run(FutureTask.java:266)
at java.util.concurrent.ThreadPoolExecutor.runWorker(ThreadPoolExecutor.java:1149)
at java.util.concurrent.ThreadPoolExecutor$Worker.run(ThreadPoolExecutor.java:624)
at java.lang.Thread.run(Thread.java:748)
Caused by: java.lang.ClassCastException: com.google.common.collect.Maps$TransformedEntriesMap cannot be cast to org.openqa.selenium.WebElement
at org.openqa.selenium.remote.RemoteWebDriver.findElement(RemoteWebDriver.java:331)
... 35 more
... Removed 20 stack frames]]>
    </failure>
  </testcase> <!-- validateGetCovered -->
  <testcase name="validatePageTitle" time="23.007" classname="com.mre.qa.testcases.SFMiniCalcPageTest">
    <failure type="java.lang.AssertionError" message="expected [Parachute Insurance - Home1] but found [Parachute Insurance - Home]">
      <![CDATA[java.lang.AssertionError: expected [Parachute Insurance - Home1] but found [Parachute Insurance - Home]
at com.mre.qa.testcases.SFMiniCalcPageTest.validatePageTitle(SFMiniCalcPageTest.java:67)
at java.util.concurrent.FutureTask.run(FutureTask.java:266)
at java.util.concurrent.ThreadPoolExecutor.runWorker(ThreadPoolExecutor.java:1149)
at java.util.concurrent.ThreadPoolExecutor$Worker.run(ThreadPoolExecutor.java:624)
at java.lang.Thread.run(Thread.java:748)
... Removed 22 stack frames]]>
    </failure>
  </testcase> <!-- validatePageTitle -->
</testsuite> <!-- MRE App Test Cases - ff -->
