<?xml version="1.0" encoding="UTF-8"?>
<!-- Generated by org.testng.reporters.JUnitXMLReporter -->
<testsuite hostname="INCHELAP7PWG4D3" ignored="0" name="Command line test" tests="3" failures="0" timestamp="27 Aug 2021 15:31:35 GMT" time="0.028" errors="0">
  <testcase name="@BeforeMethod setUp" time="0.0" classname="com.mre.qa.base.TestBase">
    <failure type="org.testng.TestNGException" message="
Parameter &amp;apos;browser&amp;apos; is required by BeforeMethod on method setUp but has not been marked @Optional or defined
">
      <![CDATA[org.testng.TestNGException: 
Parameter 'browser' is required by BeforeMethod on method setUp but has not been marked @Optional or defined

... Removed 35 stack frames]]>
    </failure>
  </testcase> <!-- @BeforeMethod setUp -->
  <testcase name="@AfterMethod tearDown" time="0.0" classname="com.mre.qa.base.TestBase">
    <skipped/>
  </testcase> <!-- @AfterMethod tearDown -->
  <testcase name="@BeforeMethod setUp" time="0.0" classname="com.mre.qa.base.TestBase">
    <skipped/>
  </testcase> <!-- @BeforeMethod setUp -->
  <testcase name="@AfterMethod tearDown" time="0.0" classname="com.mre.qa.base.TestBase">
    <skipped/>
  </testcase> <!-- @AfterMethod tearDown -->
  <testcase name="@BeforeMethod setUp" time="0.0" classname="com.mre.qa.base.TestBase">
    <failure type="org.testng.TestNGException" message="
Parameter &amp;apos;browser&amp;apos; is required by BeforeMethod on method setUp but has not been marked @Optional or defined
">
      <![CDATA[org.testng.TestNGException: 
Parameter 'browser' is required by BeforeMethod on method setUp but has not been marked @Optional or defined

... Removed 35 stack frames]]>
    </failure>
  </testcase> <!-- @BeforeMethod setUp -->
  <testcase name="@BeforeMethod setup" time="0.0" classname="com.mre.qa.testcases.SFPremiumQuotePageTest">
    <skipped/>
  </testcase> <!-- @BeforeMethod setup -->
  <testcase name="@AfterMethod tearDown" time="0.0" classname="com.mre.qa.testcases.SFPremiumQuotePageTest">
    <skipped/>
  </testcase> <!-- @AfterMethod tearDown -->
  <testcase name="validateGetCovered" time="0.0" classname="com.mre.qa.testcases.SFMiniCalcPageTest">
    <skipped/>
  </testcase> <!-- validateGetCovered -->
  <testcase name="validatePageTitle" time="0.0" classname="com.mre.qa.testcases.SFMiniCalcPageTest">
    <skipped/>
  </testcase> <!-- validatePageTitle -->
  <testcase name="validateClickContinueBtn" time="0.0" classname="com.mre.qa.testcases.SFPremiumQuotePageTest">
    <skipped/>
  </testcase> <!-- validateClickContinueBtn -->
</testsuite> <!-- Command line test -->
